<?xml version="1.0" encoding="UTF-8" ?>
<testsuites errors="1"
            failures="1"
            tests="1">

  <testsuite name="shoppingCart"
    errors="1" failures="1" hostname="" id="" package="shoppingCart" skipped="0"
    tests="1" time="31.47" timestamp="">
  
    <testcase name="validate shopcart is displaying item number" classname="shoppingCart" time="31.47" assertions="2">

      <failure message="Testing if element &lt;Element [name=@itemNumber]&gt; contains text &#39;1&#39; in 5000ms - expected &#34;contains text &#39;1&#39;&#34; but got: &#34;element could not be located&#34; (5113ms)">    at Page.validateCountItemIsDisplayed (C:\Automation\NighWJs\page-objects\resultSearchPage.js:74:25)
    at DescribeInstance.&lt;anonymous&gt; (C:\Automation\NighWJs\tests\shoppingCart.js:23:10)</failure>

    
    <error message="Error while running &#34;containsText&#34; command: Testing if element [0;33m&lt;Element [name=@itemNumber]&gt;[0m contains text [0;33m&#39;1&#39;[0m in 5000ms - expected [0;32m&#34;contains text &#39;1&#39;&#34;[0m but got: [0;31m&#34;element could not be located&#34;[0m [0;90m(5113ms)[0m" type="error"><![CDATA[
        at Page.validateCountItemIsDisplayed (C:\Automation\NighWJs\page-objects\resultSearchPage.js:74:25)
    at DescribeInstance.&lt;anonymous&gt; (C:\Automation\NighWJs\tests\shoppingCart.js:23:10)
    ]]></error>
    
    </testcase>
  

  
    <system-err>
        NoSuchElementError: An error occurred while running .getText() command on &lt;Element [name=@itemNumber]&gt;: 
   {&#34;sessionId&#34;:&#34;7940c2faf40843536eec7b4f5fdd0386&#34;,&#34;status&#34;:0,&#34;value&#34;:[]}
   
    </system-err>
  

    

  
  </testsuite>
</testsuites>
